2020-08-11 12:31:27,699 [main] INFO  samplethree.env - 
-=[samplethree started successfully using the development profile]=- 
2020-08-11 12:31:29,171 [main] DEBUG org.jboss.logging - Logging Provider: org.jboss.logging.Slf4jLoggerProvider 
2020-08-11 12:31:29,198 [main] INFO  io.undertow - starting server: Undertow - 2.1.3.Final 
2020-08-11 12:31:29,237 [main] INFO  org.xnio - XNIO version 3.8.0.Final 
2020-08-11 12:31:29,544 [main] INFO  org.jboss.threads - JBoss Threads version 3.1.0.Final 
2020-08-11 12:31:29,589 [main] DEBUG io.undertow - Configuring listener with protocol HTTP for interface 0.0.0.0 and port 3000 
2020-08-11 12:31:29,672 [main] INFO  luminus.http-server - server started on port 3000 
2020-08-11 12:31:29,672 [main] INFO  samplethree.nrepl - starting nREPL server on port 7000 
2020-08-11 12:31:29,680 [main] ERROR samplethree.nrepl - failed to start nREPL 
java.net.BindException: Address already in use: NET_Bind
	at java.base/java.net.PlainSocketImpl.bind0(Native Method)
	at java.base/java.net.PlainSocketImpl.socketBind(PlainSocketImpl.java:132)
	at java.base/java.net.AbstractPlainSocketImpl.bind(AbstractPlainSocketImpl.java:436)
	at java.base/java.net.ServerSocket.bind(ServerSocket.java:395)
	at java.base/java.net.ServerSocket.bind(ServerSocket.java:349)
	at nrepl.server$start_server.invokeStatic(server.clj:142)
	at nrepl.server$start_server.doInvoke(server.clj:109)
	at clojure.lang.RestFn.invoke(RestFn.java:1096)
	at samplethree.nrepl$start.invokeStatic(nrepl.clj:14)
	at samplethree.nrepl$start.invoke(nrepl.clj:6)
	at samplethree.core$eval15493$fn__15494.invoke(core.clj:37)
	at mount.core$record_BANG_.invokeStatic(core.cljc:74)
	at mount.core$record_BANG_.invoke(core.cljc:73)
	at mount.core$up$fn__453.invoke(core.cljc:81)
	at mount.core$up.invokeStatic(core.cljc:80)
	at mount.core$up.invoke(core.cljc:78)
	at mount.core$bring.invokeStatic(core.cljc:247)
	at mount.core$bring.invoke(core.cljc:239)
	at mount.core$start.invokeStatic(core.cljc:289)
	at mount.core$start.doInvoke(core.cljc:281)
	at clojure.lang.RestFn.invoke(RestFn.java:397)
	at mount.core$start_with_args.invokeStatic(core.cljc:389)
	at mount.core$start_with_args.doInvoke(core.cljc:385)
	at clojure.lang.RestFn.invoke(RestFn.java:410)
	at samplethree.core$start_app.invokeStatic(core.clj:50)
	at samplethree.core$start_app.invoke(core.clj:49)
	at samplethree.core$_main.invokeStatic(core.clj:58)
	at samplethree.core$_main.doInvoke(core.clj:57)
	at clojure.lang.RestFn.invoke(RestFn.java:397)
	at clojure.lang.Var.invoke(Var.java:380)
	at user$eval15639.invokeStatic(form-init10130863903851284977.clj:1)
	at user$eval15639.invoke(form-init10130863903851284977.clj:1)
	at clojure.lang.Compiler.eval(Compiler.java:7177)
	at clojure.lang.Compiler.eval(Compiler.java:7167)
	at clojure.lang.Compiler.load(Compiler.java:7636)
	at clojure.lang.Compiler.loadFile(Compiler.java:7574)
	at clojure.main$load_script.invokeStatic(main.clj:475)
	at clojure.main$init_opt.invokeStatic(main.clj:477)
	at clojure.main$init_opt.invoke(main.clj:477)
	at clojure.main$initialize.invokeStatic(main.clj:508)
	at clojure.main$null_opt.invokeStatic(main.clj:542)
	at clojure.main$null_opt.invoke(main.clj:539)
	at clojure.main$main.invokeStatic(main.clj:664)
	at clojure.main$main.doInvoke(main.clj:616)
	at clojure.lang.RestFn.applyTo(RestFn.java:137)
	at clojure.lang.Var.applyTo(Var.java:705)
	at clojure.main.main(main.java:40)
2020-08-11 13:02:29,501 [main] INFO  samplethree.env - 
-=[samplethree started successfully using the development profile]=- 
2020-08-11 13:02:31,307 [main] DEBUG org.jboss.logging - Logging Provider: org.jboss.logging.Slf4jLoggerProvider 
2020-08-11 13:02:31,390 [main] INFO  io.undertow - starting server: Undertow - 2.1.3.Final 
2020-08-11 13:02:31,442 [main] INFO  org.xnio - XNIO version 3.8.0.Final 
2020-08-11 13:02:31,808 [main] INFO  org.jboss.threads - JBoss Threads version 3.1.0.Final 
2020-08-11 13:02:31,872 [main] DEBUG io.undertow - Configuring listener with protocol HTTP for interface 0.0.0.0 and port 3000 
2020-08-11 13:02:31,962 [main] INFO  luminus.http-server - server started on port 3000 
2020-08-11 13:02:31,963 [main] INFO  samplethree.nrepl - starting nREPL server on port 7000 
2020-08-11 13:02:31,994 [main] INFO  samplethree.core - #'samplethree.config/env started 
2020-08-11 13:02:31,994 [main] INFO  samplethree.core - #'samplethree.handler/init-app started 
2020-08-11 13:02:31,995 [main] INFO  samplethree.core - #'samplethree.handler/app-routes started 
2020-08-11 13:02:31,995 [main] INFO  samplethree.core - #'samplethree.core/http-server started 
2020-08-11 13:02:31,996 [main] INFO  samplethree.core - #'samplethree.core/repl-server started 
2020-08-11 13:07:01,679 [main] INFO  samplethree.env - 
-=[samplethree started successfully using the development profile]=- 
2020-08-11 13:07:03,037 [main] DEBUG org.jboss.logging - Logging Provider: org.jboss.logging.Slf4jLoggerProvider 
2020-08-11 13:07:03,068 [main] INFO  io.undertow - starting server: Undertow - 2.1.3.Final 
2020-08-11 13:07:03,126 [main] INFO  org.xnio - XNIO version 3.8.0.Final 
2020-08-11 13:07:03,443 [main] INFO  org.jboss.threads - JBoss Threads version 3.1.0.Final 
2020-08-11 13:07:03,498 [main] DEBUG io.undertow - Configuring listener with protocol HTTP for interface 0.0.0.0 and port 3000 
2020-08-11 13:07:03,582 [main] INFO  luminus.http-server - server started on port 3000 
2020-08-11 13:07:03,583 [main] INFO  samplethree.nrepl - starting nREPL server on port 7000 
2020-08-11 13:07:03,606 [main] INFO  samplethree.core - #'samplethree.config/env started 
2020-08-11 13:07:03,606 [main] INFO  samplethree.core - #'samplethree.handler/init-app started 
2020-08-11 13:07:03,607 [main] INFO  samplethree.core - #'samplethree.handler/app-routes started 
2020-08-11 13:07:03,607 [main] INFO  samplethree.core - #'samplethree.core/http-server started 
2020-08-11 13:07:03,608 [main] INFO  samplethree.core - #'samplethree.core/repl-server started 
2020-08-11 13:09:28,852 [main] DEBUG org.jboss.logging - Logging Provider: org.jboss.logging.Slf4jLoggerProvider 
2020-08-11 13:09:31,046 [main] INFO  io.undertow - starting server: Undertow - 2.1.3.Final 
2020-08-11 13:09:31,087 [main] INFO  org.xnio - XNIO version 3.8.0.Final 
2020-08-11 13:09:31,448 [main] INFO  org.jboss.threads - JBoss Threads version 3.1.0.Final 
2020-08-11 13:09:31,501 [main] DEBUG io.undertow - Configuring listener with protocol HTTP for interface 0.0.0.0 and port 9630 
2020-08-11 13:13:56,257 [main] DEBUG org.jboss.logging - Logging Provider: org.jboss.logging.Slf4jLoggerProvider 
2020-08-11 13:13:57,762 [main] INFO  io.undertow - starting server: Undertow - 2.1.3.Final 
2020-08-11 13:13:57,802 [main] INFO  org.xnio - XNIO version 3.8.0.Final 
2020-08-11 13:13:58,113 [main] INFO  org.jboss.threads - JBoss Threads version 3.1.0.Final 
2020-08-11 13:13:58,156 [main] DEBUG io.undertow - Configuring listener with protocol HTTP for interface 0.0.0.0 and port 9630 
2020-08-11 13:20:51,840 [main] DEBUG org.jboss.logging - Logging Provider: org.jboss.logging.Slf4jLoggerProvider 
2020-08-11 13:20:53,208 [main] INFO  io.undertow - starting server: Undertow - 2.1.3.Final 
2020-08-11 13:20:53,242 [main] INFO  org.xnio - XNIO version 3.8.0.Final 
2020-08-11 13:20:53,539 [main] INFO  org.jboss.threads - JBoss Threads version 3.1.0.Final 
2020-08-11 13:20:53,577 [main] DEBUG io.undertow - Configuring listener with protocol HTTP for interface 0.0.0.0 and port 9630 
2020-08-11 13:40:31,020 [main] DEBUG org.jboss.logging - Logging Provider: org.jboss.logging.Slf4jLoggerProvider 
2020-08-11 13:40:32,838 [main] INFO  io.undertow - starting server: Undertow - 2.1.3.Final 
2020-08-11 13:40:32,888 [main] INFO  org.xnio - XNIO version 3.8.0.Final 
2020-08-11 13:40:33,264 [main] INFO  org.jboss.threads - JBoss Threads version 3.1.0.Final 
2020-08-11 13:40:33,311 [main] DEBUG io.undertow - Configuring listener with protocol HTTP for interface 0.0.0.0 and port 9630 
2020-08-11 13:45:50,165 [XNIO-1 I/O-6] DEBUG i.undertow.websockets.core.extension - Negotiated extension WebSocketExtension{name='permessage-deflate', parameters=[]} for handshake WebSocketExtension{name='permessage-deflate', parameters=[{'client_max_window_bits': 'null'}]} 
2020-08-11 13:50:34,185 [XNIO-1 I/O-5] DEBUG i.undertow.websockets.core.extension - Negotiated extension WebSocketExtension{name='permessage-deflate', parameters=[]} for handshake WebSocketExtension{name='permessage-deflate', parameters=[{'client_max_window_bits': 'null'}]} 
2020-08-11 13:52:09,704 [XNIO-1 I/O-6] DEBUG i.undertow.websockets.core.extension - Negotiated extension WebSocketExtension{name='permessage-deflate', parameters=[]} for handshake WebSocketExtension{name='permessage-deflate', parameters=[{'client_max_window_bits': 'null'}]} 
2020-08-11 13:53:37,169 [XNIO-1 I/O-7] DEBUG i.undertow.websockets.core.extension - Negotiated extension WebSocketExtension{name='permessage-deflate', parameters=[]} for handshake WebSocketExtension{name='permessage-deflate', parameters=[{'client_max_window_bits': 'null'}]} 
2020-08-11 13:58:35,442 [XNIO-1 I/O-7] DEBUG i.undertow.websockets.core.extension - Negotiated extension WebSocketExtension{name='permessage-deflate', parameters=[]} for handshake WebSocketExtension{name='permessage-deflate', parameters=[{'client_max_window_bits': 'null'}]} 
2020-08-11 13:59:57,462 [XNIO-1 I/O-8] DEBUG i.undertow.websockets.core.extension - Negotiated extension WebSocketExtension{name='permessage-deflate', parameters=[]} for handshake WebSocketExtension{name='permessage-deflate', parameters=[{'client_max_window_bits': 'null'}]} 
2020-08-11 14:01:06,281 [XNIO-1 I/O-1] DEBUG i.undertow.websockets.core.extension - Negotiated extension WebSocketExtension{name='permessage-deflate', parameters=[]} for handshake WebSocketExtension{name='permessage-deflate', parameters=[{'client_max_window_bits': 'null'}]} 
2020-08-11 14:12:32,413 [XNIO-1 I/O-7] DEBUG i.undertow.websockets.core.extension - Negotiated extension WebSocketExtension{name='permessage-deflate', parameters=[]} for handshake WebSocketExtension{name='permessage-deflate', parameters=[{'client_max_window_bits': 'null'}]} 
2020-08-11 14:17:18,104 [XNIO-1 I/O-5] DEBUG i.undertow.websockets.core.extension - Negotiated extension WebSocketExtension{name='permessage-deflate', parameters=[]} for handshake WebSocketExtension{name='permessage-deflate', parameters=[{'client_max_window_bits': 'null'}]} 
2020-08-11 14:22:22,121 [XNIO-1 I/O-5] DEBUG i.undertow.websockets.core.extension - Negotiated extension WebSocketExtension{name='permessage-deflate', parameters=[]} for handshake WebSocketExtension{name='permessage-deflate', parameters=[{'client_max_window_bits': 'null'}]} 
2020-08-11 14:29:31,369 [XNIO-1 I/O-6] DEBUG i.undertow.websockets.core.extension - Negotiated extension WebSocketExtension{name='permessage-deflate', parameters=[]} for handshake WebSocketExtension{name='permessage-deflate', parameters=[{'client_max_window_bits': 'null'}]} 
2020-08-11 14:29:45,307 [XNIO-1 task-4] ERROR samplethree.middleware.exception - Request coercion failed: #reitit.coercion.CoercionError{:spec #Spec{:form (clojure.spec.alpha/keys :req-un [:spec$15655/x :spec$15655/y]), :type :map, :leaf? false}, :problems {:clojure.spec.alpha/problems ({:path [:y], :pred clojure.core/int?, :val nil, :via [:spec$15655/y], :in [:y]} {:path [:x], :pred clojure.core/int?, :val [8], :via [:spec$15655/x], :in [:x]}), :clojure.spec.alpha/spec #Spec{:form (clojure.spec.alpha/keys :req-un [:spec$15655/x :spec$15655/y]), :type :map, :leaf? false}, :clojure.spec.alpha/value {:y nil, :x [8]}}} 
clojure.lang.ExceptionInfo: Request coercion failed: #reitit.coercion.CoercionError{:spec #Spec{:form (clojure.spec.alpha/keys :req-un [:spec$15655/x :spec$15655/y]), :type :map, :leaf? false}, :problems {:clojure.spec.alpha/problems ({:path [:y], :pred clojure.core/int?, :val nil, :via [:spec$15655/y], :in [:y]} {:path [:x], :pred clojure.core/int?, :val [8], :via [:spec$15655/x], :in [:x]}), :clojure.spec.alpha/spec #Spec{:form (clojure.spec.alpha/keys :req-un [:spec$15655/x :spec$15655/y]), :type :map, :leaf? false}, :clojure.spec.alpha/value {:y nil, :x [8]}}}
	at reitit.coercion$request_coercion_failed_BANG_.invokeStatic(coercion.cljc:46)
	at reitit.coercion$request_coercion_failed_BANG_.invoke(coercion.cljc:44)
	at reitit.coercion$request_coercer$fn__10764.invoke(coercion.cljc:86)
	at reitit.coercion$coerce_request$fn__10777.invoke(coercion.cljc:113)
	at clojure.core$fn__8429$fn__8431.invoke(core.clj:6840)
	at clojure.core.protocols$iter_reduce.invokeStatic(protocols.clj:49)
	at clojure.core.protocols$fn__8140.invokeStatic(protocols.clj:75)
	at clojure.core.protocols$fn__8140.invoke(protocols.clj:75)
	at clojure.core.protocols$fn__8088$G__8083__8101.invoke(protocols.clj:13)
	at clojure.core$reduce.invokeStatic(core.clj:6828)
	at clojure.core$fn__8429.invokeStatic(core.clj:6830)
	at clojure.core$fn__8429.invoke(core.clj:6830)
	at clojure.core.protocols$fn__8167$G__8162__8176.invoke(protocols.clj:175)
	at clojure.core$reduce_kv.invokeStatic(core.clj:6856)
	at clojure.core$reduce_kv.invoke(core.clj:6847)
	at reitit.coercion$coerce_request.invokeStatic(coercion.cljc:111)
	at reitit.coercion$coerce_request.invoke(coercion.cljc:110)
	at reitit.ring.coercion$fn__11483$fn__11485$fn__11486.invoke(coercion.cljc:39)
	at reitit.ring.coercion$fn__11493$fn__11495$fn__11496.invoke(coercion.cljc:64)
	at muuntaja.middleware$wrap_format_request$fn__8144.invoke(middleware.clj:114)
	at reitit.ring.middleware.exception$wrap$fn__13666$fn__13667.invoke(exception.clj:49)
	at muuntaja.middleware$wrap_format_response$fn__8148.invoke(middleware.clj:132)
	at muuntaja.middleware$wrap_format_negotiate$fn__8141.invoke(middleware.clj:96)
	at ring.middleware.params$wrap_params$fn__9033.invoke(params.clj:67)
	at reitit.ring$ring_handler$fn__11314.invoke(ring.cljc:326)
	at clojure.lang.AFn.applyToHelper(AFn.java:154)
	at clojure.lang.AFn.applyTo(AFn.java:144)
	at clojure.lang.AFunction$1.doInvoke(AFunction.java:31)
	at clojure.lang.RestFn.invoke(RestFn.java:408)
	at clojure.lang.Var.invoke(Var.java:384)
	at ring.middleware.reload$wrap_reload$fn__4460.invoke(reload.clj:39)
	at selmer.middleware$wrap_error_page$fn__4475.invoke(middleware.clj:18)
	at prone.middleware$wrap_exceptions$fn__4716.invoke(middleware.clj:159)
	at ring.middleware.flash$wrap_flash$fn__8172.invoke(flash.clj:39)
	at ring.middleware.session$wrap_session$fn__8617.invoke(session.clj:108)
	at ring.adapter.undertow.middleware.session$wrap_undertow_session$fn__8723.invoke(session.clj:88)
	at ring.middleware.keyword_params$wrap_keyword_params$fn__8819.invoke(keyword_params.clj:53)
	at ring.middleware.nested_params$wrap_nested_params$fn__8877.invoke(nested_params.clj:89)
	at ring.middleware.multipart_params$wrap_multipart_params$fn__9009.invoke(multipart_params.clj:171)
	at ring.middleware.params$wrap_params$fn__9033.invoke(params.clj:67)
	at ring.middleware.cookies$wrap_cookies$fn__8496.invoke(cookies.clj:214)
	at ring.middleware.absolute_redirects$wrap_absolute_redirects$fn__9221.invoke(absolute_redirects.clj:47)
	at ring.middleware.resource$wrap_resource_prefer_resources$fn__9069.invoke(resource.clj:25)
	at ring.middleware.content_type$wrap_content_type$fn__9169.invoke(content_type.clj:34)
	at ring.middleware.default_charset$wrap_default_charset$fn__9193.invoke(default_charset.clj:31)
	at ring.middleware.not_modified$wrap_not_modified$fn__9135.invoke(not_modified.clj:61)
	at ring.middleware.x_headers$wrap_x_header$fn__8759.invoke(x_headers.clj:22)
	at ring.middleware.x_headers$wrap_x_header$fn__8759.invoke(x_headers.clj:22)
	at ring.middleware.x_headers$wrap_x_header$fn__8759.invoke(x_headers.clj:22)
	at samplethree.middleware$wrap_internal_error$fn__9295.invoke(middleware.clj:20)
	at ring.adapter.undertow$undertow_handler$fn$reify__15078.handleRequest(undertow.clj:33)
	at io.undertow.server.Connectors.executeRootHandler(Connectors.java:370)
	at io.undertow.server.HttpServerExchange$1.run(HttpServerExchange.java:830)
	at org.jboss.threads.ContextClassLoaderSavingRunnable.run(ContextClassLoaderSavingRunnable.java:35)
	at org.jboss.threads.EnhancedQueueExecutor.safeRun(EnhancedQueueExecutor.java:2019)
	at org.jboss.threads.EnhancedQueueExecutor$ThreadBody.doRunTask(EnhancedQueueExecutor.java:1558)
	at org.jboss.threads.EnhancedQueueExecutor$ThreadBody.run(EnhancedQueueExecutor.java:1449)
	at java.base/java.lang.Thread.run(Thread.java:834)
2020-08-11 14:33:17,366 [XNIO-1 I/O-4] DEBUG i.undertow.websockets.core.extension - Negotiated extension WebSocketExtension{name='permessage-deflate', parameters=[]} for handshake WebSocketExtension{name='permessage-deflate', parameters=[{'client_max_window_bits': 'null'}]} 
2020-08-11 14:33:24,534 [XNIO-1 task-4] ERROR samplethree.middleware.exception - Request coercion failed: #reitit.coercion.CoercionError{:spec #Spec{:form (clojure.spec.alpha/keys :req-un [:spec$15655/x :spec$15655/y]), :type :map, :leaf? false}, :problems {:clojure.spec.alpha/problems ({:path [:y], :pred clojure.core/int?, :val nil, :via [:spec$15655/y], :in [:y]} {:path [:x], :pred clojure.core/int?, :val [6], :via [:spec$15655/x], :in [:x]}), :clojure.spec.alpha/spec #Spec{:form (clojure.spec.alpha/keys :req-un [:spec$15655/x :spec$15655/y]), :type :map, :leaf? false}, :clojure.spec.alpha/value {:y nil, :x [6]}}} 
clojure.lang.ExceptionInfo: Request coercion failed: #reitit.coercion.CoercionError{:spec #Spec{:form (clojure.spec.alpha/keys :req-un [:spec$15655/x :spec$15655/y]), :type :map, :leaf? false}, :problems {:clojure.spec.alpha/problems ({:path [:y], :pred clojure.core/int?, :val nil, :via [:spec$15655/y], :in [:y]} {:path [:x], :pred clojure.core/int?, :val [6], :via [:spec$15655/x], :in [:x]}), :clojure.spec.alpha/spec #Spec{:form (clojure.spec.alpha/keys :req-un [:spec$15655/x :spec$15655/y]), :type :map, :leaf? false}, :clojure.spec.alpha/value {:y nil, :x [6]}}}
	at reitit.coercion$request_coercion_failed_BANG_.invokeStatic(coercion.cljc:46)
	at reitit.coercion$request_coercion_failed_BANG_.invoke(coercion.cljc:44)
	at reitit.coercion$request_coercer$fn__10764.invoke(coercion.cljc:86)
	at reitit.coercion$coerce_request$fn__10777.invoke(coercion.cljc:113)
	at clojure.core$fn__8429$fn__8431.invoke(core.clj:6840)
	at clojure.core.protocols$iter_reduce.invokeStatic(protocols.clj:49)
	at clojure.core.protocols$fn__8140.invokeStatic(protocols.clj:75)
	at clojure.core.protocols$fn__8140.invoke(protocols.clj:75)
	at clojure.core.protocols$fn__8088$G__8083__8101.invoke(protocols.clj:13)
	at clojure.core$reduce.invokeStatic(core.clj:6828)
	at clojure.core$fn__8429.invokeStatic(core.clj:6830)
	at clojure.core$fn__8429.invoke(core.clj:6830)
	at clojure.core.protocols$fn__8167$G__8162__8176.invoke(protocols.clj:175)
	at clojure.core$reduce_kv.invokeStatic(core.clj:6856)
	at clojure.core$reduce_kv.invoke(core.clj:6847)
	at reitit.coercion$coerce_request.invokeStatic(coercion.cljc:111)
	at reitit.coercion$coerce_request.invoke(coercion.cljc:110)
	at reitit.ring.coercion$fn__11483$fn__11485$fn__11486.invoke(coercion.cljc:39)
	at reitit.ring.coercion$fn__11493$fn__11495$fn__11496.invoke(coercion.cljc:64)
	at muuntaja.middleware$wrap_format_request$fn__8144.invoke(middleware.clj:114)
	at reitit.ring.middleware.exception$wrap$fn__13666$fn__13667.invoke(exception.clj:49)
	at muuntaja.middleware$wrap_format_response$fn__8148.invoke(middleware.clj:132)
	at muuntaja.middleware$wrap_format_negotiate$fn__8141.invoke(middleware.clj:96)
	at ring.middleware.params$wrap_params$fn__9033.invoke(params.clj:67)
	at reitit.ring$ring_handler$fn__11314.invoke(ring.cljc:326)
	at clojure.lang.AFn.applyToHelper(AFn.java:154)
	at clojure.lang.AFn.applyTo(AFn.java:144)
	at clojure.lang.AFunction$1.doInvoke(AFunction.java:31)
	at clojure.lang.RestFn.invoke(RestFn.java:408)
	at clojure.lang.Var.invoke(Var.java:384)
	at ring.middleware.reload$wrap_reload$fn__4460.invoke(reload.clj:39)
	at selmer.middleware$wrap_error_page$fn__4475.invoke(middleware.clj:18)
	at prone.middleware$wrap_exceptions$fn__4716.invoke(middleware.clj:159)
	at ring.middleware.flash$wrap_flash$fn__8172.invoke(flash.clj:39)
	at ring.middleware.session$wrap_session$fn__8617.invoke(session.clj:108)
	at ring.adapter.undertow.middleware.session$wrap_undertow_session$fn__8723.invoke(session.clj:88)
	at ring.middleware.keyword_params$wrap_keyword_params$fn__8819.invoke(keyword_params.clj:53)
	at ring.middleware.nested_params$wrap_nested_params$fn__8877.invoke(nested_params.clj:89)
	at ring.middleware.multipart_params$wrap_multipart_params$fn__9009.invoke(multipart_params.clj:171)
	at ring.middleware.params$wrap_params$fn__9033.invoke(params.clj:67)
	at ring.middleware.cookies$wrap_cookies$fn__8496.invoke(cookies.clj:214)
	at ring.middleware.absolute_redirects$wrap_absolute_redirects$fn__9221.invoke(absolute_redirects.clj:47)
	at ring.middleware.resource$wrap_resource_prefer_resources$fn__9069.invoke(resource.clj:25)
	at ring.middleware.content_type$wrap_content_type$fn__9169.invoke(content_type.clj:34)
	at ring.middleware.default_charset$wrap_default_charset$fn__9193.invoke(default_charset.clj:31)
	at ring.middleware.not_modified$wrap_not_modified$fn__9135.invoke(not_modified.clj:61)
	at ring.middleware.x_headers$wrap_x_header$fn__8759.invoke(x_headers.clj:22)
	at ring.middleware.x_headers$wrap_x_header$fn__8759.invoke(x_headers.clj:22)
	at ring.middleware.x_headers$wrap_x_header$fn__8759.invoke(x_headers.clj:22)
	at samplethree.middleware$wrap_internal_error$fn__9295.invoke(middleware.clj:20)
	at ring.adapter.undertow$undertow_handler$fn$reify__15078.handleRequest(undertow.clj:33)
	at io.undertow.server.Connectors.executeRootHandler(Connectors.java:370)
	at io.undertow.server.HttpServerExchange$1.run(HttpServerExchange.java:830)
	at org.jboss.threads.ContextClassLoaderSavingRunnable.run(ContextClassLoaderSavingRunnable.java:35)
	at org.jboss.threads.EnhancedQueueExecutor.safeRun(EnhancedQueueExecutor.java:2019)
	at org.jboss.threads.EnhancedQueueExecutor$ThreadBody.doRunTask(EnhancedQueueExecutor.java:1558)
	at org.jboss.threads.EnhancedQueueExecutor$ThreadBody.run(EnhancedQueueExecutor.java:1449)
	at java.base/java.lang.Thread.run(Thread.java:834)
2020-08-11 14:33:32,282 [XNIO-1 task-4] ERROR samplethree.middleware.exception - Request coercion failed: #reitit.coercion.CoercionError{:spec #Spec{:form (clojure.spec.alpha/keys :req-un [:spec$15655/x :spec$15655/y]), :type :map, :leaf? false}, :problems {:clojure.spec.alpha/problems ({:path [:y], :pred clojure.core/int?, :val [3], :via [:spec$15655/y], :in [:y]} {:path [:x], :pred clojure.core/int?, :val [6], :via [:spec$15655/x], :in [:x]}), :clojure.spec.alpha/spec #Spec{:form (clojure.spec.alpha/keys :req-un [:spec$15655/x :spec$15655/y]), :type :map, :leaf? false}, :clojure.spec.alpha/value {:y [3], :x [6]}}} 
clojure.lang.ExceptionInfo: Request coercion failed: #reitit.coercion.CoercionError{:spec #Spec{:form (clojure.spec.alpha/keys :req-un [:spec$15655/x :spec$15655/y]), :type :map, :leaf? false}, :problems {:clojure.spec.alpha/problems ({:path [:y], :pred clojure.core/int?, :val [3], :via [:spec$15655/y], :in [:y]} {:path [:x], :pred clojure.core/int?, :val [6], :via [:spec$15655/x], :in [:x]}), :clojure.spec.alpha/spec #Spec{:form (clojure.spec.alpha/keys :req-un [:spec$15655/x :spec$15655/y]), :type :map, :leaf? false}, :clojure.spec.alpha/value {:y [3], :x [6]}}}
	at reitit.coercion$request_coercion_failed_BANG_.invokeStatic(coercion.cljc:46)
	at reitit.coercion$request_coercion_failed_BANG_.invoke(coercion.cljc:44)
	at reitit.coercion$request_coercer$fn__10764.invoke(coercion.cljc:86)
	at reitit.coercion$coerce_request$fn__10777.invoke(coercion.cljc:113)
	at clojure.core$fn__8429$fn__8431.invoke(core.clj:6840)
	at clojure.core.protocols$iter_reduce.invokeStatic(protocols.clj:49)
	at clojure.core.protocols$fn__8140.invokeStatic(protocols.clj:75)
	at clojure.core.protocols$fn__8140.invoke(protocols.clj:75)
	at clojure.core.protocols$fn__8088$G__8083__8101.invoke(protocols.clj:13)
	at clojure.core$reduce.invokeStatic(core.clj:6828)
	at clojure.core$fn__8429.invokeStatic(core.clj:6830)
	at clojure.core$fn__8429.invoke(core.clj:6830)
	at clojure.core.protocols$fn__8167$G__8162__8176.invoke(protocols.clj:175)
	at clojure.core$reduce_kv.invokeStatic(core.clj:6856)
	at clojure.core$reduce_kv.invoke(core.clj:6847)
	at reitit.coercion$coerce_request.invokeStatic(coercion.cljc:111)
	at reitit.coercion$coerce_request.invoke(coercion.cljc:110)
	at reitit.ring.coercion$fn__11483$fn__11485$fn__11486.invoke(coercion.cljc:39)
	at reitit.ring.coercion$fn__11493$fn__11495$fn__11496.invoke(coercion.cljc:64)
	at muuntaja.middleware$wrap_format_request$fn__8144.invoke(middleware.clj:114)
	at reitit.ring.middleware.exception$wrap$fn__13666$fn__13667.invoke(exception.clj:49)
	at muuntaja.middleware$wrap_format_response$fn__8148.invoke(middleware.clj:132)
	at muuntaja.middleware$wrap_format_negotiate$fn__8141.invoke(middleware.clj:96)
	at ring.middleware.params$wrap_params$fn__9033.invoke(params.clj:67)
	at reitit.ring$ring_handler$fn__11314.invoke(ring.cljc:326)
	at clojure.lang.AFn.applyToHelper(AFn.java:154)
	at clojure.lang.AFn.applyTo(AFn.java:144)
	at clojure.lang.AFunction$1.doInvoke(AFunction.java:31)
	at clojure.lang.RestFn.invoke(RestFn.java:408)
	at clojure.lang.Var.invoke(Var.java:384)
	at ring.middleware.reload$wrap_reload$fn__4460.invoke(reload.clj:39)
	at selmer.middleware$wrap_error_page$fn__4475.invoke(middleware.clj:18)
	at prone.middleware$wrap_exceptions$fn__4716.invoke(middleware.clj:159)
	at ring.middleware.flash$wrap_flash$fn__8172.invoke(flash.clj:39)
	at ring.middleware.session$wrap_session$fn__8617.invoke(session.clj:108)
	at ring.adapter.undertow.middleware.session$wrap_undertow_session$fn__8723.invoke(session.clj:88)
	at ring.middleware.keyword_params$wrap_keyword_params$fn__8819.invoke(keyword_params.clj:53)
	at ring.middleware.nested_params$wrap_nested_params$fn__8877.invoke(nested_params.clj:89)
	at ring.middleware.multipart_params$wrap_multipart_params$fn__9009.invoke(multipart_params.clj:171)
	at ring.middleware.params$wrap_params$fn__9033.invoke(params.clj:67)
	at ring.middleware.cookies$wrap_cookies$fn__8496.invoke(cookies.clj:214)
	at ring.middleware.absolute_redirects$wrap_absolute_redirects$fn__9221.invoke(absolute_redirects.clj:47)
	at ring.middleware.resource$wrap_resource_prefer_resources$fn__9069.invoke(resource.clj:25)
	at ring.middleware.content_type$wrap_content_type$fn__9169.invoke(content_type.clj:34)
	at ring.middleware.default_charset$wrap_default_charset$fn__9193.invoke(default_charset.clj:31)
	at ring.middleware.not_modified$wrap_not_modified$fn__9135.invoke(not_modified.clj:61)
	at ring.middleware.x_headers$wrap_x_header$fn__8759.invoke(x_headers.clj:22)
	at ring.middleware.x_headers$wrap_x_header$fn__8759.invoke(x_headers.clj:22)
	at ring.middleware.x_headers$wrap_x_header$fn__8759.invoke(x_headers.clj:22)
	at samplethree.middleware$wrap_internal_error$fn__9295.invoke(middleware.clj:20)
	at ring.adapter.undertow$undertow_handler$fn$reify__15078.handleRequest(undertow.clj:33)
	at io.undertow.server.Connectors.executeRootHandler(Connectors.java:370)
	at io.undertow.server.HttpServerExchange$1.run(HttpServerExchange.java:830)
	at org.jboss.threads.ContextClassLoaderSavingRunnable.run(ContextClassLoaderSavingRunnable.java:35)
	at org.jboss.threads.EnhancedQueueExecutor.safeRun(EnhancedQueueExecutor.java:2019)
	at org.jboss.threads.EnhancedQueueExecutor$ThreadBody.doRunTask(EnhancedQueueExecutor.java:1558)
	at org.jboss.threads.EnhancedQueueExecutor$ThreadBody.run(EnhancedQueueExecutor.java:1449)
	at java.base/java.lang.Thread.run(Thread.java:834)
2020-08-11 14:40:06,600 [XNIO-1 I/O-7] DEBUG i.undertow.websockets.core.extension - Negotiated extension WebSocketExtension{name='permessage-deflate', parameters=[]} for handshake WebSocketExtension{name='permessage-deflate', parameters=[{'client_max_window_bits': 'null'}]} 
2020-08-11 14:40:11,092 [XNIO-1 task-2] ERROR samplethree.middleware.exception - Response coercion failed: #reitit.coercion.CoercionError{:spec #Spec{:form (clojure.spec.alpha/keys :req-un [:spec$15654/total]), :type :map, :leaf? false}, :problems {:clojure.spec.alpha/problems ({:path [:total], :pred clojure.core/pos-int?, :val 0, :via [:spec$15654/total], :in [:total]}), :clojure.spec.alpha/spec #Spec{:form (clojure.spec.alpha/keys :req-un [:spec$15654/total]), :type :map, :leaf? false}, :clojure.spec.alpha/value {:total 0}}} 
clojure.lang.ExceptionInfo: Response coercion failed: #reitit.coercion.CoercionError{:spec #Spec{:form (clojure.spec.alpha/keys :req-un [:spec$15654/total]), :type :map, :leaf? false}, :problems {:clojure.spec.alpha/problems ({:path [:total], :pred clojure.core/pos-int?, :val 0, :via [:spec$15654/total], :in [:total]}), :clojure.spec.alpha/spec #Spec{:form (clojure.spec.alpha/keys :req-un [:spec$15654/total]), :type :map, :leaf? false}, :clojure.spec.alpha/value {:total 0}}}
	at reitit.coercion$response_coercion_failed_BANG_.invokeStatic(coercion.cljc:58)
	at reitit.coercion$response_coercion_failed_BANG_.invoke(coercion.cljc:56)
	at reitit.coercion$response_coercer$fn__10772.invoke(coercion.cljc:101)
	at reitit.coercion$coerce_response.invokeStatic(coercion.cljc:119)
	at reitit.coercion$coerce_response.invoke(coercion.cljc:116)
	at reitit.ring.coercion$fn__11493$fn__11495$fn__11496.invoke(coercion.cljc:64)
	at muuntaja.middleware$wrap_format_request$fn__8144.invoke(middleware.clj:114)
	at reitit.ring.middleware.exception$wrap$fn__13666$fn__13667.invoke(exception.clj:49)
	at muuntaja.middleware$wrap_format_response$fn__8148.invoke(middleware.clj:132)
	at muuntaja.middleware$wrap_format_negotiate$fn__8141.invoke(middleware.clj:96)
	at ring.middleware.params$wrap_params$fn__9033.invoke(params.clj:67)
	at reitit.ring$ring_handler$fn__11314.invoke(ring.cljc:326)
	at clojure.lang.AFn.applyToHelper(AFn.java:154)
	at clojure.lang.AFn.applyTo(AFn.java:144)
	at clojure.lang.AFunction$1.doInvoke(AFunction.java:31)
	at clojure.lang.RestFn.invoke(RestFn.java:408)
	at clojure.lang.Var.invoke(Var.java:384)
	at ring.middleware.reload$wrap_reload$fn__4460.invoke(reload.clj:39)
	at selmer.middleware$wrap_error_page$fn__4475.invoke(middleware.clj:18)
	at prone.middleware$wrap_exceptions$fn__4716.invoke(middleware.clj:159)
	at ring.middleware.flash$wrap_flash$fn__8172.invoke(flash.clj:39)
	at ring.middleware.session$wrap_session$fn__8617.invoke(session.clj:108)
	at ring.adapter.undertow.middleware.session$wrap_undertow_session$fn__8723.invoke(session.clj:88)
	at ring.middleware.keyword_params$wrap_keyword_params$fn__8819.invoke(keyword_params.clj:53)
	at ring.middleware.nested_params$wrap_nested_params$fn__8877.invoke(nested_params.clj:89)
	at ring.middleware.multipart_params$wrap_multipart_params$fn__9009.invoke(multipart_params.clj:171)
	at ring.middleware.params$wrap_params$fn__9033.invoke(params.clj:67)
	at ring.middleware.cookies$wrap_cookies$fn__8496.invoke(cookies.clj:214)
	at ring.middleware.absolute_redirects$wrap_absolute_redirects$fn__9221.invoke(absolute_redirects.clj:47)
	at ring.middleware.resource$wrap_resource_prefer_resources$fn__9069.invoke(resource.clj:25)
	at ring.middleware.content_type$wrap_content_type$fn__9169.invoke(content_type.clj:34)
	at ring.middleware.default_charset$wrap_default_charset$fn__9193.invoke(default_charset.clj:31)
	at ring.middleware.not_modified$wrap_not_modified$fn__9135.invoke(not_modified.clj:61)
	at ring.middleware.x_headers$wrap_x_header$fn__8759.invoke(x_headers.clj:22)
	at ring.middleware.x_headers$wrap_x_header$fn__8759.invoke(x_headers.clj:22)
	at ring.middleware.x_headers$wrap_x_header$fn__8759.invoke(x_headers.clj:22)
	at samplethree.middleware$wrap_internal_error$fn__9295.invoke(middleware.clj:20)
	at ring.adapter.undertow$undertow_handler$fn$reify__15078.handleRequest(undertow.clj:33)
	at io.undertow.server.Connectors.executeRootHandler(Connectors.java:370)
	at io.undertow.server.HttpServerExchange$1.run(HttpServerExchange.java:830)
	at org.jboss.threads.ContextClassLoaderSavingRunnable.run(ContextClassLoaderSavingRunnable.java:35)
	at org.jboss.threads.EnhancedQueueExecutor.safeRun(EnhancedQueueExecutor.java:2019)
	at org.jboss.threads.EnhancedQueueExecutor$ThreadBody.doRunTask(EnhancedQueueExecutor.java:1558)
	at org.jboss.threads.EnhancedQueueExecutor$ThreadBody.run(EnhancedQueueExecutor.java:1449)
	at java.base/java.lang.Thread.run(Thread.java:834)
2020-08-11 14:40:12,649 [XNIO-1 task-2] ERROR samplethree.middleware.exception - Request coercion failed: #reitit.coercion.CoercionError{:spec #Spec{:form (clojure.spec.alpha/keys :req-un [:spec$15655/x :spec$15655/y]), :type :map, :leaf? false}, :problems {:clojure.spec.alpha/problems ({:path [:x], :pred clojure.core/int?, :val [5], :via [:spec$15655/x], :in [:x]}), :clojure.spec.alpha/spec #Spec{:form (clojure.spec.alpha/keys :req-un [:spec$15655/x :spec$15655/y]), :type :map, :leaf? false}, :clojure.spec.alpha/value {:y 0, :x [5]}}} 
clojure.lang.ExceptionInfo: Request coercion failed: #reitit.coercion.CoercionError{:spec #Spec{:form (clojure.spec.alpha/keys :req-un [:spec$15655/x :spec$15655/y]), :type :map, :leaf? false}, :problems {:clojure.spec.alpha/problems ({:path [:x], :pred clojure.core/int?, :val [5], :via [:spec$15655/x], :in [:x]}), :clojure.spec.alpha/spec #Spec{:form (clojure.spec.alpha/keys :req-un [:spec$15655/x :spec$15655/y]), :type :map, :leaf? false}, :clojure.spec.alpha/value {:y 0, :x [5]}}}
	at reitit.coercion$request_coercion_failed_BANG_.invokeStatic(coercion.cljc:46)
	at reitit.coercion$request_coercion_failed_BANG_.invoke(coercion.cljc:44)
	at reitit.coercion$request_coercer$fn__10764.invoke(coercion.cljc:86)
	at reitit.coercion$coerce_request$fn__10777.invoke(coercion.cljc:113)
	at clojure.core$fn__8429$fn__8431.invoke(core.clj:6840)
	at clojure.core.protocols$iter_reduce.invokeStatic(protocols.clj:49)
	at clojure.core.protocols$fn__8140.invokeStatic(protocols.clj:75)
	at clojure.core.protocols$fn__8140.invoke(protocols.clj:75)
	at clojure.core.protocols$fn__8088$G__8083__8101.invoke(protocols.clj:13)
	at clojure.core$reduce.invokeStatic(core.clj:6828)
	at clojure.core$fn__8429.invokeStatic(core.clj:6830)
	at clojure.core$fn__8429.invoke(core.clj:6830)
	at clojure.core.protocols$fn__8167$G__8162__8176.invoke(protocols.clj:175)
	at clojure.core$reduce_kv.invokeStatic(core.clj:6856)
	at clojure.core$reduce_kv.invoke(core.clj:6847)
	at reitit.coercion$coerce_request.invokeStatic(coercion.cljc:111)
	at reitit.coercion$coerce_request.invoke(coercion.cljc:110)
	at reitit.ring.coercion$fn__11483$fn__11485$fn__11486.invoke(coercion.cljc:39)
	at reitit.ring.coercion$fn__11493$fn__11495$fn__11496.invoke(coercion.cljc:64)
	at muuntaja.middleware$wrap_format_request$fn__8144.invoke(middleware.clj:114)
	at reitit.ring.middleware.exception$wrap$fn__13666$fn__13667.invoke(exception.clj:49)
	at muuntaja.middleware$wrap_format_response$fn__8148.invoke(middleware.clj:132)
	at muuntaja.middleware$wrap_format_negotiate$fn__8141.invoke(middleware.clj:96)
	at ring.middleware.params$wrap_params$fn__9033.invoke(params.clj:67)
	at reitit.ring$ring_handler$fn__11314.invoke(ring.cljc:326)
	at clojure.lang.AFn.applyToHelper(AFn.java:154)
	at clojure.lang.AFn.applyTo(AFn.java:144)
	at clojure.lang.AFunction$1.doInvoke(AFunction.java:31)
	at clojure.lang.RestFn.invoke(RestFn.java:408)
	at clojure.lang.Var.invoke(Var.java:384)
	at ring.middleware.reload$wrap_reload$fn__4460.invoke(reload.clj:39)
	at selmer.middleware$wrap_error_page$fn__4475.invoke(middleware.clj:18)
	at prone.middleware$wrap_exceptions$fn__4716.invoke(middleware.clj:159)
	at ring.middleware.flash$wrap_flash$fn__8172.invoke(flash.clj:39)
	at ring.middleware.session$wrap_session$fn__8617.invoke(session.clj:108)
	at ring.adapter.undertow.middleware.session$wrap_undertow_session$fn__8723.invoke(session.clj:88)
	at ring.middleware.keyword_params$wrap_keyword_params$fn__8819.invoke(keyword_params.clj:53)
	at ring.middleware.nested_params$wrap_nested_params$fn__8877.invoke(nested_params.clj:89)
	at ring.middleware.multipart_params$wrap_multipart_params$fn__9009.invoke(multipart_params.clj:171)
	at ring.middleware.params$wrap_params$fn__9033.invoke(params.clj:67)
	at ring.middleware.cookies$wrap_cookies$fn__8496.invoke(cookies.clj:214)
	at ring.middleware.absolute_redirects$wrap_absolute_redirects$fn__9221.invoke(absolute_redirects.clj:47)
	at ring.middleware.resource$wrap_resource_prefer_resources$fn__9069.invoke(resource.clj:25)
	at ring.middleware.content_type$wrap_content_type$fn__9169.invoke(content_type.clj:34)
	at ring.middleware.default_charset$wrap_default_charset$fn__9193.invoke(default_charset.clj:31)
	at ring.middleware.not_modified$wrap_not_modified$fn__9135.invoke(not_modified.clj:61)
	at ring.middleware.x_headers$wrap_x_header$fn__8759.invoke(x_headers.clj:22)
	at ring.middleware.x_headers$wrap_x_header$fn__8759.invoke(x_headers.clj:22)
	at ring.middleware.x_headers$wrap_x_header$fn__8759.invoke(x_headers.clj:22)
	at samplethree.middleware$wrap_internal_error$fn__9295.invoke(middleware.clj:20)
	at ring.adapter.undertow$undertow_handler$fn$reify__15078.handleRequest(undertow.clj:33)
	at io.undertow.server.Connectors.executeRootHandler(Connectors.java:370)
	at io.undertow.server.HttpServerExchange$1.run(HttpServerExchange.java:830)
	at org.jboss.threads.ContextClassLoaderSavingRunnable.run(ContextClassLoaderSavingRunnable.java:35)
	at org.jboss.threads.EnhancedQueueExecutor.safeRun(EnhancedQueueExecutor.java:2019)
	at org.jboss.threads.EnhancedQueueExecutor$ThreadBody.doRunTask(EnhancedQueueExecutor.java:1558)
	at org.jboss.threads.EnhancedQueueExecutor$ThreadBody.run(EnhancedQueueExecutor.java:1449)
	at java.base/java.lang.Thread.run(Thread.java:834)
2020-08-11 14:40:31,308 [XNIO-1 I/O-5] DEBUG i.undertow.websockets.core.extension - Negotiated extension WebSocketExtension{name='permessage-deflate', parameters=[]} for handshake WebSocketExtension{name='permessage-deflate', parameters=[{'client_max_window_bits': 'null'}]} 
2020-08-11 14:40:36,159 [XNIO-1 task-5] ERROR samplethree.middleware.exception - Response coercion failed: #reitit.coercion.CoercionError{:spec #Spec{:form (clojure.spec.alpha/keys :req-un [:spec$15654/total]), :type :map, :leaf? false}, :problems {:clojure.spec.alpha/problems ({:path [:total], :pred clojure.core/pos-int?, :val 0, :via [:spec$15654/total], :in [:total]}), :clojure.spec.alpha/spec #Spec{:form (clojure.spec.alpha/keys :req-un [:spec$15654/total]), :type :map, :leaf? false}, :clojure.spec.alpha/value {:total 0}}} 
clojure.lang.ExceptionInfo: Response coercion failed: #reitit.coercion.CoercionError{:spec #Spec{:form (clojure.spec.alpha/keys :req-un [:spec$15654/total]), :type :map, :leaf? false}, :problems {:clojure.spec.alpha/problems ({:path [:total], :pred clojure.core/pos-int?, :val 0, :via [:spec$15654/total], :in [:total]}), :clojure.spec.alpha/spec #Spec{:form (clojure.spec.alpha/keys :req-un [:spec$15654/total]), :type :map, :leaf? false}, :clojure.spec.alpha/value {:total 0}}}
	at reitit.coercion$response_coercion_failed_BANG_.invokeStatic(coercion.cljc:58)
	at reitit.coercion$response_coercion_failed_BANG_.invoke(coercion.cljc:56)
	at reitit.coercion$response_coercer$fn__10772.invoke(coercion.cljc:101)
	at reitit.coercion$coerce_response.invokeStatic(coercion.cljc:119)
	at reitit.coercion$coerce_response.invoke(coercion.cljc:116)
	at reitit.ring.coercion$fn__11493$fn__11495$fn__11496.invoke(coercion.cljc:64)
	at muuntaja.middleware$wrap_format_request$fn__8144.invoke(middleware.clj:114)
	at reitit.ring.middleware.exception$wrap$fn__13666$fn__13667.invoke(exception.clj:49)
	at muuntaja.middleware$wrap_format_response$fn__8148.invoke(middleware.clj:132)
	at muuntaja.middleware$wrap_format_negotiate$fn__8141.invoke(middleware.clj:96)
	at ring.middleware.params$wrap_params$fn__9033.invoke(params.clj:67)
	at reitit.ring$ring_handler$fn__11314.invoke(ring.cljc:326)
	at clojure.lang.AFn.applyToHelper(AFn.java:154)
	at clojure.lang.AFn.applyTo(AFn.java:144)
	at clojure.lang.AFunction$1.doInvoke(AFunction.java:31)
	at clojure.lang.RestFn.invoke(RestFn.java:408)
	at clojure.lang.Var.invoke(Var.java:384)
	at ring.middleware.reload$wrap_reload$fn__4460.invoke(reload.clj:39)
	at selmer.middleware$wrap_error_page$fn__4475.invoke(middleware.clj:18)
	at prone.middleware$wrap_exceptions$fn__4716.invoke(middleware.clj:159)
	at ring.middleware.flash$wrap_flash$fn__8172.invoke(flash.clj:39)
	at ring.middleware.session$wrap_session$fn__8617.invoke(session.clj:108)
	at ring.adapter.undertow.middleware.session$wrap_undertow_session$fn__8723.invoke(session.clj:88)
	at ring.middleware.keyword_params$wrap_keyword_params$fn__8819.invoke(keyword_params.clj:53)
	at ring.middleware.nested_params$wrap_nested_params$fn__8877.invoke(nested_params.clj:89)
	at ring.middleware.multipart_params$wrap_multipart_params$fn__9009.invoke(multipart_params.clj:171)
	at ring.middleware.params$wrap_params$fn__9033.invoke(params.clj:67)
	at ring.middleware.cookies$wrap_cookies$fn__8496.invoke(cookies.clj:214)
	at ring.middleware.absolute_redirects$wrap_absolute_redirects$fn__9221.invoke(absolute_redirects.clj:47)
	at ring.middleware.resource$wrap_resource_prefer_resources$fn__9069.invoke(resource.clj:25)
	at ring.middleware.content_type$wrap_content_type$fn__9169.invoke(content_type.clj:34)
	at ring.middleware.default_charset$wrap_default_charset$fn__9193.invoke(default_charset.clj:31)
	at ring.middleware.not_modified$wrap_not_modified$fn__9135.invoke(not_modified.clj:61)
	at ring.middleware.x_headers$wrap_x_header$fn__8759.invoke(x_headers.clj:22)
	at ring.middleware.x_headers$wrap_x_header$fn__8759.invoke(x_headers.clj:22)
	at ring.middleware.x_headers$wrap_x_header$fn__8759.invoke(x_headers.clj:22)
	at samplethree.middleware$wrap_internal_error$fn__9295.invoke(middleware.clj:20)
	at ring.adapter.undertow$undertow_handler$fn$reify__15078.handleRequest(undertow.clj:33)
	at io.undertow.server.Connectors.executeRootHandler(Connectors.java:370)
	at io.undertow.server.HttpServerExchange$1.run(HttpServerExchange.java:830)
	at org.jboss.threads.ContextClassLoaderSavingRunnable.run(ContextClassLoaderSavingRunnable.java:35)
	at org.jboss.threads.EnhancedQueueExecutor.safeRun(EnhancedQueueExecutor.java:2019)
	at org.jboss.threads.EnhancedQueueExecutor$ThreadBody.doRunTask(EnhancedQueueExecutor.java:1558)
	at org.jboss.threads.EnhancedQueueExecutor$ThreadBody.run(EnhancedQueueExecutor.java:1449)
	at java.base/java.lang.Thread.run(Thread.java:834)
2020-08-11 14:42:00,328 [XNIO-1 I/O-5] DEBUG i.undertow.websockets.core.extension - Negotiated extension WebSocketExtension{name='permessage-deflate', parameters=[]} for handshake WebSocketExtension{name='permessage-deflate', parameters=[{'client_max_window_bits': 'null'}]} 
2020-08-11 14:42:03,194 [XNIO-1 task-2] ERROR samplethree.middleware.exception - Response coercion failed: #reitit.coercion.CoercionError{:spec #Spec{:form (clojure.spec.alpha/keys :req-un [:spec$15654/total]), :type :map, :leaf? false}, :problems {:clojure.spec.alpha/problems ({:path [:total], :pred clojure.core/pos-int?, :val 0, :via [:spec$15654/total], :in [:total]}), :clojure.spec.alpha/spec #Spec{:form (clojure.spec.alpha/keys :req-un [:spec$15654/total]), :type :map, :leaf? false}, :clojure.spec.alpha/value {:total 0}}} 
clojure.lang.ExceptionInfo: Response coercion failed: #reitit.coercion.CoercionError{:spec #Spec{:form (clojure.spec.alpha/keys :req-un [:spec$15654/total]), :type :map, :leaf? false}, :problems {:clojure.spec.alpha/problems ({:path [:total], :pred clojure.core/pos-int?, :val 0, :via [:spec$15654/total], :in [:total]}), :clojure.spec.alpha/spec #Spec{:form (clojure.spec.alpha/keys :req-un [:spec$15654/total]), :type :map, :leaf? false}, :clojure.spec.alpha/value {:total 0}}}
	at reitit.coercion$response_coercion_failed_BANG_.invokeStatic(coercion.cljc:58)
	at reitit.coercion$response_coercion_failed_BANG_.invoke(coercion.cljc:56)
	at reitit.coercion$response_coercer$fn__10772.invoke(coercion.cljc:101)
	at reitit.coercion$coerce_response.invokeStatic(coercion.cljc:119)
	at reitit.coercion$coerce_response.invoke(coercion.cljc:116)
	at reitit.ring.coercion$fn__11493$fn__11495$fn__11496.invoke(coercion.cljc:64)
	at muuntaja.middleware$wrap_format_request$fn__8144.invoke(middleware.clj:114)
	at reitit.ring.middleware.exception$wrap$fn__13666$fn__13667.invoke(exception.clj:49)
	at muuntaja.middleware$wrap_format_response$fn__8148.invoke(middleware.clj:132)
	at muuntaja.middleware$wrap_format_negotiate$fn__8141.invoke(middleware.clj:96)
	at ring.middleware.params$wrap_params$fn__9033.invoke(params.clj:67)
	at reitit.ring$ring_handler$fn__11314.invoke(ring.cljc:326)
	at clojure.lang.AFn.applyToHelper(AFn.java:154)
	at clojure.lang.AFn.applyTo(AFn.java:144)
	at clojure.lang.AFunction$1.doInvoke(AFunction.java:31)
	at clojure.lang.RestFn.invoke(RestFn.java:408)
	at clojure.lang.Var.invoke(Var.java:384)
	at ring.middleware.reload$wrap_reload$fn__4460.invoke(reload.clj:39)
	at selmer.middleware$wrap_error_page$fn__4475.invoke(middleware.clj:18)
	at prone.middleware$wrap_exceptions$fn__4716.invoke(middleware.clj:159)
	at ring.middleware.flash$wrap_flash$fn__8172.invoke(flash.clj:39)
	at ring.middleware.session$wrap_session$fn__8617.invoke(session.clj:108)
	at ring.adapter.undertow.middleware.session$wrap_undertow_session$fn__8723.invoke(session.clj:88)
	at ring.middleware.keyword_params$wrap_keyword_params$fn__8819.invoke(keyword_params.clj:53)
	at ring.middleware.nested_params$wrap_nested_params$fn__8877.invoke(nested_params.clj:89)
	at ring.middleware.multipart_params$wrap_multipart_params$fn__9009.invoke(multipart_params.clj:171)
	at ring.middleware.params$wrap_params$fn__9033.invoke(params.clj:67)
	at ring.middleware.cookies$wrap_cookies$fn__8496.invoke(cookies.clj:214)
	at ring.middleware.absolute_redirects$wrap_absolute_redirects$fn__9221.invoke(absolute_redirects.clj:47)
	at ring.middleware.resource$wrap_resource_prefer_resources$fn__9069.invoke(resource.clj:25)
	at ring.middleware.content_type$wrap_content_type$fn__9169.invoke(content_type.clj:34)
	at ring.middleware.default_charset$wrap_default_charset$fn__9193.invoke(default_charset.clj:31)
	at ring.middleware.not_modified$wrap_not_modified$fn__9135.invoke(not_modified.clj:61)
	at ring.middleware.x_headers$wrap_x_header$fn__8759.invoke(x_headers.clj:22)
	at ring.middleware.x_headers$wrap_x_header$fn__8759.invoke(x_headers.clj:22)
	at ring.middleware.x_headers$wrap_x_header$fn__8759.invoke(x_headers.clj:22)
	at samplethree.middleware$wrap_internal_error$fn__9295.invoke(middleware.clj:20)
	at ring.adapter.undertow$undertow_handler$fn$reify__15078.handleRequest(undertow.clj:33)
	at io.undertow.server.Connectors.executeRootHandler(Connectors.java:370)
	at io.undertow.server.HttpServerExchange$1.run(HttpServerExchange.java:830)
	at org.jboss.threads.ContextClassLoaderSavingRunnable.run(ContextClassLoaderSavingRunnable.java:35)
	at org.jboss.threads.EnhancedQueueExecutor.safeRun(EnhancedQueueExecutor.java:2019)
	at org.jboss.threads.EnhancedQueueExecutor$ThreadBody.doRunTask(EnhancedQueueExecutor.java:1558)
	at org.jboss.threads.EnhancedQueueExecutor$ThreadBody.run(EnhancedQueueExecutor.java:1449)
	at java.base/java.lang.Thread.run(Thread.java:834)
2020-08-11 14:45:01,696 [XNIO-1 I/O-7] DEBUG i.undertow.websockets.core.extension - Negotiated extension WebSocketExtension{name='permessage-deflate', parameters=[]} for handshake WebSocketExtension{name='permessage-deflate', parameters=[{'client_max_window_bits': 'null'}]} 
2020-08-11 14:45:06,358 [XNIO-1 task-3] ERROR samplethree.middleware.exception - Response coercion failed: #reitit.coercion.CoercionError{:spec #Spec{:form (clojure.spec.alpha/keys :req-un [:spec$15654/total]), :type :map, :leaf? false}, :problems {:clojure.spec.alpha/problems ({:path [:total], :pred clojure.core/pos-int?, :val 0, :via [:spec$15654/total], :in [:total]}), :clojure.spec.alpha/spec #Spec{:form (clojure.spec.alpha/keys :req-un [:spec$15654/total]), :type :map, :leaf? false}, :clojure.spec.alpha/value {:total 0}}} 
clojure.lang.ExceptionInfo: Response coercion failed: #reitit.coercion.CoercionError{:spec #Spec{:form (clojure.spec.alpha/keys :req-un [:spec$15654/total]), :type :map, :leaf? false}, :problems {:clojure.spec.alpha/problems ({:path [:total], :pred clojure.core/pos-int?, :val 0, :via [:spec$15654/total], :in [:total]}), :clojure.spec.alpha/spec #Spec{:form (clojure.spec.alpha/keys :req-un [:spec$15654/total]), :type :map, :leaf? false}, :clojure.spec.alpha/value {:total 0}}}
	at reitit.coercion$response_coercion_failed_BANG_.invokeStatic(coercion.cljc:58)
	at reitit.coercion$response_coercion_failed_BANG_.invoke(coercion.cljc:56)
	at reitit.coercion$response_coercer$fn__10772.invoke(coercion.cljc:101)
	at reitit.coercion$coerce_response.invokeStatic(coercion.cljc:119)
	at reitit.coercion$coerce_response.invoke(coercion.cljc:116)
	at reitit.ring.coercion$fn__11493$fn__11495$fn__11496.invoke(coercion.cljc:64)
	at muuntaja.middleware$wrap_format_request$fn__8144.invoke(middleware.clj:114)
	at reitit.ring.middleware.exception$wrap$fn__13666$fn__13667.invoke(exception.clj:49)
	at muuntaja.middleware$wrap_format_response$fn__8148.invoke(middleware.clj:132)
	at muuntaja.middleware$wrap_format_negotiate$fn__8141.invoke(middleware.clj:96)
	at ring.middleware.params$wrap_params$fn__9033.invoke(params.clj:67)
	at reitit.ring$ring_handler$fn__11314.invoke(ring.cljc:326)
	at clojure.lang.AFn.applyToHelper(AFn.java:154)
	at clojure.lang.AFn.applyTo(AFn.java:144)
	at clojure.lang.AFunction$1.doInvoke(AFunction.java:31)
	at clojure.lang.RestFn.invoke(RestFn.java:408)
	at clojure.lang.Var.invoke(Var.java:384)
	at ring.middleware.reload$wrap_reload$fn__4460.invoke(reload.clj:39)
	at selmer.middleware$wrap_error_page$fn__4475.invoke(middleware.clj:18)
	at prone.middleware$wrap_exceptions$fn__4716.invoke(middleware.clj:159)
	at ring.middleware.flash$wrap_flash$fn__8172.invoke(flash.clj:39)
	at ring.middleware.session$wrap_session$fn__8617.invoke(session.clj:108)
	at ring.adapter.undertow.middleware.session$wrap_undertow_session$fn__8723.invoke(session.clj:88)
	at ring.middleware.keyword_params$wrap_keyword_params$fn__8819.invoke(keyword_params.clj:53)
	at ring.middleware.nested_params$wrap_nested_params$fn__8877.invoke(nested_params.clj:89)
	at ring.middleware.multipart_params$wrap_multipart_params$fn__9009.invoke(multipart_params.clj:171)
	at ring.middleware.params$wrap_params$fn__9033.invoke(params.clj:67)
	at ring.middleware.cookies$wrap_cookies$fn__8496.invoke(cookies.clj:214)
	at ring.middleware.absolute_redirects$wrap_absolute_redirects$fn__9221.invoke(absolute_redirects.clj:47)
	at ring.middleware.resource$wrap_resource_prefer_resources$fn__9069.invoke(resource.clj:25)
	at ring.middleware.content_type$wrap_content_type$fn__9169.invoke(content_type.clj:34)
	at ring.middleware.default_charset$wrap_default_charset$fn__9193.invoke(default_charset.clj:31)
	at ring.middleware.not_modified$wrap_not_modified$fn__9135.invoke(not_modified.clj:61)
	at ring.middleware.x_headers$wrap_x_header$fn__8759.invoke(x_headers.clj:22)
	at ring.middleware.x_headers$wrap_x_header$fn__8759.invoke(x_headers.clj:22)
	at ring.middleware.x_headers$wrap_x_header$fn__8759.invoke(x_headers.clj:22)
	at samplethree.middleware$wrap_internal_error$fn__9295.invoke(middleware.clj:20)
	at ring.adapter.undertow$undertow_handler$fn$reify__15078.handleRequest(undertow.clj:33)
	at io.undertow.server.Connectors.executeRootHandler(Connectors.java:370)
	at io.undertow.server.HttpServerExchange$1.run(HttpServerExchange.java:830)
	at org.jboss.threads.ContextClassLoaderSavingRunnable.run(ContextClassLoaderSavingRunnable.java:35)
	at org.jboss.threads.EnhancedQueueExecutor.safeRun(EnhancedQueueExecutor.java:2019)
	at org.jboss.threads.EnhancedQueueExecutor$ThreadBody.doRunTask(EnhancedQueueExecutor.java:1558)
	at org.jboss.threads.EnhancedQueueExecutor$ThreadBody.run(EnhancedQueueExecutor.java:1449)
	at java.base/java.lang.Thread.run(Thread.java:834)
2020-08-11 14:49:47,973 [XNIO-1 I/O-6] DEBUG i.undertow.websockets.core.extension - Negotiated extension WebSocketExtension{name='permessage-deflate', parameters=[]} for handshake WebSocketExtension{name='permessage-deflate', parameters=[{'client_max_window_bits': 'null'}]} 
2020-08-11 14:49:51,078 [XNIO-1 task-7] ERROR samplethree.middleware.exception - Response coercion failed: #reitit.coercion.CoercionError{:spec #Spec{:form (clojure.spec.alpha/keys :req-un [:spec$15654/total]), :type :map, :leaf? false}, :problems {:clojure.spec.alpha/problems ({:path [:total], :pred clojure.core/pos-int?, :val 0, :via [:spec$15654/total], :in [:total]}), :clojure.spec.alpha/spec #Spec{:form (clojure.spec.alpha/keys :req-un [:spec$15654/total]), :type :map, :leaf? false}, :clojure.spec.alpha/value {:total 0}}} 
clojure.lang.ExceptionInfo: Response coercion failed: #reitit.coercion.CoercionError{:spec #Spec{:form (clojure.spec.alpha/keys :req-un [:spec$15654/total]), :type :map, :leaf? false}, :problems {:clojure.spec.alpha/problems ({:path [:total], :pred clojure.core/pos-int?, :val 0, :via [:spec$15654/total], :in [:total]}), :clojure.spec.alpha/spec #Spec{:form (clojure.spec.alpha/keys :req-un [:spec$15654/total]), :type :map, :leaf? false}, :clojure.spec.alpha/value {:total 0}}}
	at reitit.coercion$response_coercion_failed_BANG_.invokeStatic(coercion.cljc:58)
	at reitit.coercion$response_coercion_failed_BANG_.invoke(coercion.cljc:56)
	at reitit.coercion$response_coercer$fn__10772.invoke(coercion.cljc:101)
	at reitit.coercion$coerce_response.invokeStatic(coercion.cljc:119)
	at reitit.coercion$coerce_response.invoke(coercion.cljc:116)
	at reitit.ring.coercion$fn__11493$fn__11495$fn__11496.invoke(coercion.cljc:64)
	at muuntaja.middleware$wrap_format_request$fn__8144.invoke(middleware.clj:114)
	at reitit.ring.middleware.exception$wrap$fn__13666$fn__13667.invoke(exception.clj:49)
	at muuntaja.middleware$wrap_format_response$fn__8148.invoke(middleware.clj:132)
	at muuntaja.middleware$wrap_format_negotiate$fn__8141.invoke(middleware.clj:96)
	at ring.middleware.params$wrap_params$fn__9033.invoke(params.clj:67)
	at reitit.ring$ring_handler$fn__11314.invoke(ring.cljc:326)
	at clojure.lang.AFn.applyToHelper(AFn.java:154)
	at clojure.lang.AFn.applyTo(AFn.java:144)
	at clojure.lang.AFunction$1.doInvoke(AFunction.java:31)
	at clojure.lang.RestFn.invoke(RestFn.java:408)
	at clojure.lang.Var.invoke(Var.java:384)
	at ring.middleware.reload$wrap_reload$fn__4460.invoke(reload.clj:39)
	at selmer.middleware$wrap_error_page$fn__4475.invoke(middleware.clj:18)
	at prone.middleware$wrap_exceptions$fn__4716.invoke(middleware.clj:159)
	at ring.middleware.flash$wrap_flash$fn__8172.invoke(flash.clj:39)
	at ring.middleware.session$wrap_session$fn__8617.invoke(session.clj:108)
	at ring.adapter.undertow.middleware.session$wrap_undertow_session$fn__8723.invoke(session.clj:88)
	at ring.middleware.keyword_params$wrap_keyword_params$fn__8819.invoke(keyword_params.clj:53)
	at ring.middleware.nested_params$wrap_nested_params$fn__8877.invoke(nested_params.clj:89)
	at ring.middleware.multipart_params$wrap_multipart_params$fn__9009.invoke(multipart_params.clj:171)
	at ring.middleware.params$wrap_params$fn__9033.invoke(params.clj:67)
	at ring.middleware.cookies$wrap_cookies$fn__8496.invoke(cookies.clj:214)
	at ring.middleware.absolute_redirects$wrap_absolute_redirects$fn__9221.invoke(absolute_redirects.clj:47)
	at ring.middleware.resource$wrap_resource_prefer_resources$fn__9069.invoke(resource.clj:25)
	at ring.middleware.content_type$wrap_content_type$fn__9169.invoke(content_type.clj:34)
	at ring.middleware.default_charset$wrap_default_charset$fn__9193.invoke(default_charset.clj:31)
	at ring.middleware.not_modified$wrap_not_modified$fn__9135.invoke(not_modified.clj:61)
	at ring.middleware.x_headers$wrap_x_header$fn__8759.invoke(x_headers.clj:22)
	at ring.middleware.x_headers$wrap_x_header$fn__8759.invoke(x_headers.clj:22)
	at ring.middleware.x_headers$wrap_x_header$fn__8759.invoke(x_headers.clj:22)
	at samplethree.middleware$wrap_internal_error$fn__9295.invoke(middleware.clj:20)
	at ring.adapter.undertow$undertow_handler$fn$reify__15078.handleRequest(undertow.clj:33)
	at io.undertow.server.Connectors.executeRootHandler(Connectors.java:370)
	at io.undertow.server.HttpServerExchange$1.run(HttpServerExchange.java:830)
	at org.jboss.threads.ContextClassLoaderSavingRunnable.run(ContextClassLoaderSavingRunnable.java:35)
	at org.jboss.threads.EnhancedQueueExecutor.safeRun(EnhancedQueueExecutor.java:2019)
	at org.jboss.threads.EnhancedQueueExecutor$ThreadBody.doRunTask(EnhancedQueueExecutor.java:1558)
	at org.jboss.threads.EnhancedQueueExecutor$ThreadBody.run(EnhancedQueueExecutor.java:1449)
	at java.base/java.lang.Thread.run(Thread.java:834)
